DEBUG:root:ask , 11.38 , 200 , 2020-09-24 14:56:21.034418
DEBUG:root:ask , 11.38 , 133 , 2020-09-24 14:57:28.025017
DEBUG:root:ask , 11.38 , 22 , 2020-09-24 14:57:32.500261
DEBUG:root:bid , 11.36 , 100 , 2020-09-24 15:11:59.532031
DEBUG:root:bid , 11.36 , 100 , 2020-09-24 15:12:59.095925
DEBUG:root:buy , 11.38 , 100 , 2020-09-24 15:59:12.813261
DEBUG:root:buy , 11.38 , 300 , 2020-09-24 15:59:29.859424
DEBUG:root:bid , 11.35 , 100 , 2020-09-24 16:01:58.192955
DEBUG:root:bid , 11.37 , 10000 , 2020-09-24 16:14:15.671760
DEBUG:root:bid , 11.37 , 10000 , 2020-09-24 16:17:28.256873
DEBUG:root:bid , 11.37 , 100000 , 2020-09-24 16:19:56.006089
DEBUG:root:bid , 11.37 , 10000 , 2020-09-24 16:21:41.117511
DEBUG:root:sell , 11.36 , 100 , 2020-09-24 17:03:59.312403
DEBUG:root:sell , 11.36 , 1000 , 2020-09-24 17:04:52.540901
DEBUG:root:buy , 11.38 , 100 , 2020-09-24 17:14:16.593994
DEBUG:root:sell , 11.36 , 1000 , 2020-09-24 17:14:30.938147
DEBUG:root:bid , 11.37 , 2 , 2020-09-24 17:15:01.141685
DEBUG:root:bid , 8.0 , 1000 , 2020-09-24 17:15:34.615539
DEBUG:root:buy , 11.38 , 100 , 2020-09-25 08:36:16.815999
DEBUG:root:sell , 11.36 , 100 , 2020-09-25 08:36:28.744186
DEBUG:root:selllimit , 11.38 , 100 , 2020-09-25 08:41:07.326870
DEBUG:root:BuyLimit , 11.38 , 100 , 2020-09-25 08:43:41.828259
DEBUG:root:Buylimit , 11.37 , 100 , 2020-09-25 08:43:55.987123
DEBUG:root:Buylimit , 11.37 , 100 , 2020-09-25 08:44:58.345425
DEBUG:root:sellLimit , 11.37 , 100 , 2020-09-25 08:45:48.832768
DEBUG:root:selllimit , 12.0 , 1000 , 2020-09-25 08:46:44.720533
DEBUG:root:buy , 11.38 , 400 , 2020-09-25 09:02:08.154317
DEBUG:root:buy , 11.39 , 600 , 2020-09-25 09:02:08.169791
DEBUG:root:cancelask , 104 , 2020-09-25 09:24:31.662354
DEBUG:root:cancelask , 104 , 2020-09-25 09:29:14.352805
DEBUG:root:buy , 11.38 , 100 , 2020-09-25 09:31:29.878688
DEBUG:root:Buylimit , 10.0 , 100 , 2020-09-25 09:31:41.401327
DEBUG:root:cancelask , 101 , 2020-09-25 09:31:54.244019
DEBUG:root:cancelbid , 101 , 2020-09-25 09:31:54.244019
DEBUG:root:cancelask , 101 , 2020-09-25 11:47:39.513855
